

Version:	3.50
CmdLine:	D:\CS-Uni\Personal-Projects\Finance-Tracker\Builds\build1.exe --l4j-debug
JNI:		No
WOW64:		Yes
Working dir:	D:\CS-Uni\Personal-Projects\Finance-Tracker\Builds\.
Requires JDK:	No
Requires 64-Bit: No
Java min ver:	
Java max ver:	
JRE paths:	JRE
Check launcher:	D:\CS-Uni\Personal-Projects\Finance-Tracker\Builds\JRE\bin\javaw.exe (not found)
Error msg:	This application requires a Java Runtime Environment.


Version:	3.50
CmdLine:	D:\CS-Uni\Personal-Projects\Finance-Tracker\Builds\build1.exe --l4j-debug
JNI:		No
WOW64:		Yes
Working dir:	D:\CS-Uni\Personal-Projects\Finance-Tracker\Builds\.
Requires JDK:	No
Requires 64-Bit: No
Java min ver:	
Java max ver:	
JRE paths:	C:\Program Files\Java\jre1.8.0_421
Check launcher:	C:\Program Files\Java\jre1.8.0_421\bin\javaw.exe (OK)
Version string: 1.008.000_421 / 64-Bit (OK)
Launcher:	C:\Program Files\Java\jre1.8.0_421\bin\javaw.exe
Launcher args:	-jar "D:\CS-Uni\Personal-Projects\Finance-Tracker\Builds\build1.exe"
Args length:	68/32768 chars
Exit code:	0


Version:	3.50
CmdLine:	D:\CS-Uni\Personal-Projects\Finance-Tracker\Builds\build1.exe --l4j-debug
JNI:		No
WOW64:		Yes
Working dir:	D:\CS-Uni\Personal-Projects\Finance-Tracker\Builds\.
Requires JDK:	No
Requires 64-Bit: No
Java min ver:	
Java max ver:	
JRE paths:	C:\Program Files\Java\jdk-23
Check launcher:	C:\Program Files\Java\jdk-23\bin\javaw.exe (OK)
Version string: 1.023.000 / 64-Bit (OK)
Launcher:	C:\Program Files\Java\jdk-23\bin\javaw.exe
Launcher args:	-jar "D:\CS-Uni\Personal-Projects\Finance-Tracker\Builds\build1.exe"
Args length:	68/32768 chars
Exit code:	0
